\BOOKMARK [0][-]{chapter.1}{El modelo}{}% 1
\BOOKMARK [1][-]{section.1.1}{Descripci\363n del problema}{chapter.1}% 2
\BOOKMARK [0][-]{chapter.2}{Un poco sobre computaci\363n}{}% 3
\BOOKMARK [1][-]{section.2.1}{Clases de complejidad}{chapter.2}% 4
\BOOKMARK [1][-]{section.2.2}{El 3-SAT}{chapter.2}% 5
\BOOKMARK [1][-]{section.2.3}{Problemas NP-Completos}{chapter.2}% 6
\BOOKMARK [0][-]{chapter.3}{El problema del matrimonio estable}{}% 7
\BOOKMARK [1][-]{section.3.1}{Algoritmo de Gale Shapley}{chapter.3}% 8
\BOOKMARK [0][-]{chapter.4}{El problema de admisi\363n a universidades}{}% 9
\BOOKMARK [1][-]{section.4.1}{El teorema de los hospitales rurales}{chapter.4}% 10
\BOOKMARK [0][-]{chapter.5}{Listas con empates}{}% 11
\BOOKMARK [1][-]{section.5.1}{Listas incompletas con empates}{chapter.5}% 12
\BOOKMARK [0][-]{chapter.6}{Cotas inferiores}{}% 13
\BOOKMARK [0][-]{chapter.7}{Cotas comunes}{}% 14
\BOOKMARK [0][-]{chapter.8}{Cotas comunes anidadas}{}% 15
\BOOKMARK [0][-]{chapter.9}{Matroides}{}% 16
\BOOKMARK [1][-]{section.9.1}{Bases}{chapter.9}% 17
\BOOKMARK [1][-]{section.9.2}{Funci\363n rango}{chapter.9}% 18
\BOOKMARK [1][-]{section.9.3}{Circuitos}{chapter.9}% 19
\BOOKMARK [1][-]{section.9.4}{El algoritmo glot\363n}{chapter.9}% 20
\BOOKMARK [0][-]{chapter.10}{Conclusiones}{}% 21
\BOOKMARK [0][-]{appendix.Alph1}{Teor\355a de Conjuntos}{}% 22
\BOOKMARK [0][-]{appendix.Alph2}{Teor\355a de Gr\341ficas}{}% 23
\BOOKMARK [0][-]{appendix*.6}{Referencias}{}% 24
